Determining if the pthread_create exist failed with the following output:
Change Dir: /home/xyzhao/catkin_ws/build/CMakeFiles/CMakeTmp

Run Build Command:"/usr/bin/make" "cmTC_6a27b/fast"
/usr/bin/make -f CMakeFiles/cmTC_6a27b.dir/build.make CMakeFiles/cmTC_6a27b.dir/build
make[1]: Entering directory '/home/xyzhao/catkin_ws/build/CMakeFiles/CMakeTmp'
Building C object CMakeFiles/cmTC_6a27b.dir/CheckSymbolExists.c.o
/usr/bin/cc    -o CMakeFiles/cmTC_6a27b.dir/CheckSymbolExists.c.o   -c /home/xyzhao/catkin_ws/build/CMakeFiles/CMakeTmp/CheckSymbolExists.c
Linking C executable cmTC_6a27b
/usr/bin/cmake -E cmake_link_script CMakeFiles/cmTC_6a27b.dir/link.txt --verbose=1
/usr/bin/cc      -rdynamic CMakeFiles/cmTC_6a27b.dir/CheckSymbolExists.c.o  -o cmTC_6a27b 
CMakeFiles/cmTC_6a27b.dir/CheckSymbolExists.c.o: In function `main':
CheckSymbolExists.c:(.text+0x1b): undefined reference to `pthread_create'
collect2: error: ld returned 1 exit status
CMakeFiles/cmTC_6a27b.dir/build.make:97: recipe for target 'cmTC_6a27b' failed
make[1]: *** [cmTC_6a27b] Error 1
make[1]: Leaving directory '/home/xyzhao/catkin_ws/build/CMakeFiles/CMakeTmp'
Makefile:126: recipe for target 'cmTC_6a27b/fast' failed
make: *** [cmTC_6a27b/fast] Error 2

File /home/xyzhao/catkin_ws/build/CMakeFiles/CMakeTmp/CheckSymbolExists.c:
/* */
#include <pthread.h>

int main(int argc, char** argv)
{
  (void)argv;
#ifndef pthread_create
  return ((int*)(&pthread_create))[argc];
#else
  (void)argc;
  return 0;
#endif
}

Determining if the function pthread_create exists in the pthreads failed with the following output:
Change Dir: /home/xyzhao/catkin_ws/build/CMakeFiles/CMakeTmp

Run Build Command:"/usr/bin/make" "cmTC_93221/fast"
/usr/bin/make -f CMakeFiles/cmTC_93221.dir/build.make CMakeFiles/cmTC_93221.dir/build
make[1]: Entering directory '/home/xyzhao/catkin_ws/build/CMakeFiles/CMakeTmp'
Building C object CMakeFiles/cmTC_93221.dir/CheckFunctionExists.c.o
/usr/bin/cc   -DCHECK_FUNCTION_EXISTS=pthread_create   -o CMakeFiles/cmTC_93221.dir/CheckFunctionExists.c.o   -c /usr/share/cmake-3.10/Modules/CheckFunctionExists.c
Linking C executable cmTC_93221
/usr/bin/cmake -E cmake_link_script CMakeFiles/cmTC_93221.dir/link.txt --verbose=1
/usr/bin/cc  -DCHECK_FUNCTION_EXISTS=pthread_create    -rdynamic CMakeFiles/cmTC_93221.dir/CheckFunctionExists.c.o  -o cmTC_93221 -lpthreads 
/usr/bin/ld: cannot find -lpthreads
collect2: error: ld returned 1 exit status
CMakeFiles/cmTC_93221.dir/build.make:97: recipe for target 'cmTC_93221' failed
make[1]: *** [cmTC_93221] Error 1
make[1]: Leaving directory '/home/xyzhao/catkin_ws/build/CMakeFiles/CMakeTmp'
Makefile:126: recipe for target 'cmTC_93221/fast' failed
make: *** [cmTC_93221/fast] Error 2


